This is pdfTeX, Version 3.14159265-2.6-1.40.19 (MiKTeX 2.9.6630 64-bit) (preloaded format=pdflatex 2018.4.17)  25 APR 2018 18:09
entering extended mode
**./document.tex
(document.tex
LaTeX2e <2017-04-15>
Babel <3.18> and hyphenation patterns for 75 language(s) loaded.

("C:\Users\HyperTushar\AppData\Local\Programs\MiKTeX 2.9\tex\latex\base\report.
cls"
Document Class: report 2014/09/29 v1.4h Standard LaTeX document class

("C:\Users\HyperTushar\AppData\Local\Programs\MiKTeX 2.9\tex\latex\base\size12.
clo"
File: size12.clo 2014/09/29 v1.4h Standard LaTeX file (size option)
)
\c@part=\count79
\c@chapter=\count80
\c@section=\count81
\c@subsection=\count82
\c@subsubsection=\count83
\c@paragraph=\count84
\c@subparagraph=\count85
\c@figure=\count86
\c@table=\count87
\abovecaptionskip=\skip41
\belowcaptionskip=\skip42
\bibindent=\dimen102
)
("C:\Users\HyperTushar\AppData\Local\Programs\MiKTeX 2.9\tex\latex\base\inputen
c.sty"
Package: inputenc 2015/03/17 v1.2c Input encoding file
\inpenc@prehook=\toks14
\inpenc@posthook=\toks15

("C:\Users\HyperTushar\AppData\Local\Programs\MiKTeX 2.9\tex\latex\base\latin1.
def"
File: latin1.def 2015/03/17 v1.2c Input encoding file
))
("C:\Users\HyperTushar\AppData\Local\Programs\MiKTeX 2.9\tex\latex\amsmath\amsm
ath.sty"
Package: amsmath 2017/09/02 v2.17a AMS math features
\@mathmargin=\skip43

For additional information on amsmath, use the `?' option.

("C:\Users\HyperTushar\AppData\Local\Programs\MiKTeX 2.9\tex\latex\amsmath\amst
ext.sty"
Package: amstext 2000/06/29 v2.01 AMS text

("C:\Users\HyperTushar\AppData\Local\Programs\MiKTeX 2.9\tex\latex\amsmath\amsg
en.sty"
File: amsgen.sty 1999/11/30 v2.0 generic functions
\@emptytoks=\toks16
\ex@=\dimen103
))
("C:\Users\HyperTushar\AppData\Local\Programs\MiKTeX 2.9\tex\latex\amsmath\amsb
sy.sty"
Package: amsbsy 1999/11/29 v1.2d Bold Symbols
\pmbraise@=\dimen104
)
("C:\Users\HyperTushar\AppData\Local\Programs\MiKTeX 2.9\tex\latex\amsmath\amso
pn.sty"
Package: amsopn 2016/03/08 v2.02 operator names
)
\inf@bad=\count88
LaTeX Info: Redefining \frac on input line 213.
\uproot@=\count89
\leftroot@=\count90
LaTeX Info: Redefining \overline on input line 375.
\classnum@=\count91
\DOTSCASE@=\count92
LaTeX Info: Redefining \ldots on input line 472.
LaTeX Info: Redefining \dots on input line 475.
LaTeX Info: Redefining \cdots on input line 596.
\Mathstrutbox@=\box26
\strutbox@=\box27
\big@size=\dimen105
LaTeX Font Info:    Redeclaring font encoding OML on input line 712.
LaTeX Font Info:    Redeclaring font encoding OMS on input line 713.
\macc@depth=\count93
\c@MaxMatrixCols=\count94
\dotsspace@=\muskip10
\c@parentequation=\count95
\dspbrk@lvl=\count96
\tag@help=\toks17
\row@=\count97
\column@=\count98
\maxfields@=\count99
\andhelp@=\toks18
\eqnshift@=\dimen106
\alignsep@=\dimen107
\tagshift@=\dimen108
\tagwidth@=\dimen109
\totwidth@=\dimen110
\lineht@=\dimen111
\@envbody=\toks19
\multlinegap=\skip44
\multlinetaggap=\skip45
\mathdisplay@stack=\toks20
LaTeX Info: Redefining \[ on input line 2817.
LaTeX Info: Redefining \] on input line 2818.
)
("C:\Users\HyperTushar\AppData\Local\Programs\MiKTeX 2.9\tex\latex\amsfonts\ams
fonts.sty"
Package: amsfonts 2013/01/14 v3.01 Basic AMSFonts support
\symAMSa=\mathgroup4
\symAMSb=\mathgroup5
LaTeX Font Info:    Overwriting math alphabet `\mathfrak' in version `bold'
(Font)                  U/euf/m/n --> U/euf/b/n on input line 106.
)
("C:\Users\HyperTushar\AppData\Local\Programs\MiKTeX 2.9\tex\latex\amsfonts\ams
symb.sty"
Package: amssymb 2013/01/14 v3.01 AMS font symbols
)
("C:\Users\HyperTushar\AppData\Local\Programs\MiKTeX 2.9\tex\latex\graphics\gra
phicx.sty"
Package: graphicx 2017/06/01 v1.1a Enhanced LaTeX Graphics (DPC,SPQR)

("C:\Users\HyperTushar\AppData\Local\Programs\MiKTeX 2.9\tex\latex\graphics\key
val.sty"
Package: keyval 2014/10/28 v1.15 key=value parser (DPC)
\KV@toks@=\toks21
)
("C:\Users\HyperTushar\AppData\Local\Programs\MiKTeX 2.9\tex\latex\graphics\gra
phics.sty"
Package: graphics 2017/06/25 v1.2c Standard LaTeX Graphics (DPC,SPQR)

("C:\Users\HyperTushar\AppData\Local\Programs\MiKTeX 2.9\tex\latex\graphics\tri
g.sty"
Package: trig 2016/01/03 v1.10 sin cos tan (DPC)
)
("C:\Users\HyperTushar\AppData\Local\Programs\MiKTeX 2.9\tex\latex\graphics-cfg
\graphics.cfg"
File: graphics.cfg 2016/06/04 v1.11 sample graphics configuration
)
Package graphics Info: Driver file: pdftex.def on input line 99.

("C:\Users\HyperTushar\AppData\Local\Programs\MiKTeX 2.9\tex\latex\graphics-def
\pdftex.def"
File: pdftex.def 2018/01/08 v1.0l Graphics/color driver for pdftex
))
\Gin@req@height=\dimen112
\Gin@req@width=\dimen113
)
("C:\Users\HyperTushar\AppData\Local\Programs\MiKTeX 2.9\tex\latex\hyperref\hyp
erref.sty"
Package: hyperref 2018/02/06 v6.86b Hypertext links for LaTeX

("C:\Users\HyperTushar\AppData\Local\Programs\MiKTeX 2.9\tex\generic\oberdiek\h
obsub-hyperref.sty"
Package: hobsub-hyperref 2016/05/16 v1.14 Bundle oberdiek, subset hyperref (HO)


("C:\Users\HyperTushar\AppData\Local\Programs\MiKTeX 2.9\tex\generic\oberdiek\h
obsub-generic.sty"
Package: hobsub-generic 2016/05/16 v1.14 Bundle oberdiek, subset generic (HO)
Package: hobsub 2016/05/16 v1.14 Construct package bundles (HO)
Package: infwarerr 2016/05/16 v1.4 Providing info/warning/error messages (HO)
Package: ltxcmds 2016/05/16 v1.23 LaTeX kernel commands for general use (HO)
Package: ifluatex 2016/05/16 v1.4 Provides the ifluatex switch (HO)
Package ifluatex Info: LuaTeX not detected.
Package: ifvtex 2016/05/16 v1.6 Detect VTeX and its facilities (HO)
Package ifvtex Info: VTeX not detected.
Package: intcalc 2016/05/16 v1.2 Expandable calculations with integers (HO)
Package: ifpdf 2017/03/15 v3.2 Provides the ifpdf switch
Package: etexcmds 2016/05/16 v1.6 Avoid name clashes with e-TeX commands (HO)
Package etexcmds Info: Could not find \expanded.
(etexcmds)             That can mean that you are not using pdfTeX 1.50 or
(etexcmds)             that some package has redefined \expanded.
(etexcmds)             In the latter case, load this package earlier.
Package: kvsetkeys 2016/05/16 v1.17 Key value parser (HO)
Package: kvdefinekeys 2016/05/16 v1.4 Define keys (HO)
Package: pdftexcmds 2018/01/21 v0.26 Utility functions of pdfTeX for LuaTeX (HO
)
Package pdftexcmds Info: LuaTeX not detected.
Package pdftexcmds Info: \pdf@primitive is available.
Package pdftexcmds Info: \pdf@ifprimitive is available.
Package pdftexcmds Info: \pdfdraftmode found.
Package: pdfescape 2016/05/16 v1.14 Implements pdfTeX's escape features (HO)
Package: bigintcalc 2016/05/16 v1.4 Expandable calculations on big integers (HO
)
Package: bitset 2016/05/16 v1.2 Handle bit-vector datatype (HO)
Package: uniquecounter 2016/05/16 v1.3 Provide unlimited unique counter (HO)
)
Package hobsub Info: Skipping package `hobsub' (already loaded).
Package: letltxmacro 2016/05/16 v1.5 Let assignment for LaTeX macros (HO)
Package: hopatch 2016/05/16 v1.3 Wrapper for package hooks (HO)
Package: xcolor-patch 2016/05/16 xcolor patch
Package: atveryend 2016/05/16 v1.9 Hooks at the very end of document (HO)
Package atveryend Info: \enddocument detected (standard20110627).
Package: atbegshi 2016/06/09 v1.18 At begin shipout hook (HO)
Package: refcount 2016/05/16 v3.5 Data extraction from label references (HO)
Package: hycolor 2016/05/16 v1.8 Color options for hyperref/bookmark (HO)
)
("C:\Users\HyperTushar\AppData\Local\Programs\MiKTeX 2.9\tex\generic\ifxetex\if
xetex.sty"
Package: ifxetex 2010/09/12 v0.6 Provides ifxetex conditional
)
("C:\Users\HyperTushar\AppData\Local\Programs\MiKTeX 2.9\tex\latex\oberdiek\aux
hook.sty"
Package: auxhook 2016/05/16 v1.4 Hooks for auxiliary files (HO)
)
("C:\Users\HyperTushar\AppData\Local\Programs\MiKTeX 2.9\tex\latex\oberdiek\kvo
ptions.sty"
Package: kvoptions 2016/05/16 v3.12 Key value format for package options (HO)
)
\@linkdim=\dimen114
\Hy@linkcounter=\count100
\Hy@pagecounter=\count101

("C:\Users\HyperTushar\AppData\Local\Programs\MiKTeX 2.9\tex\latex\hyperref\pd1
enc.def"
File: pd1enc.def 2018/02/06 v6.86b Hyperref: PDFDocEncoding definition (HO)
)
\Hy@SavedSpaceFactor=\count102

("C:\Users\HyperTushar\AppData\Local\Programs\MiKTeX 2.9\tex\latex\00miktex\hyp
erref.cfg"
File: hyperref.cfg 2002/06/06 v1.2 hyperref configuration of TeXLive
)
Package hyperref Info: Hyper figures OFF on input line 4509.
Package hyperref Info: Link nesting OFF on input line 4514.
Package hyperref Info: Hyper index ON on input line 4517.
Package hyperref Info: Plain pages OFF on input line 4524.
Package hyperref Info: Backreferencing OFF on input line 4529.
Package hyperref Info: Implicit mode ON; LaTeX internals redefined.
Package hyperref Info: Bookmarks ON on input line 4762.
\c@Hy@tempcnt=\count103

("C:\Users\HyperTushar\AppData\Local\Programs\MiKTeX 2.9\tex\latex\url\url.sty"
\Urlmuskip=\muskip11
Package: url 2013/09/16  ver 3.4  Verb mode for urls, etc.
)
LaTeX Info: Redefining \url on input line 5115.
\XeTeXLinkMargin=\dimen115
\Fld@menulength=\count104
\Field@Width=\dimen116
\Fld@charsize=\dimen117
Package hyperref Info: Hyper figures OFF on input line 6369.
Package hyperref Info: Link nesting OFF on input line 6374.
Package hyperref Info: Hyper index ON on input line 6377.
Package hyperref Info: backreferencing OFF on input line 6384.
Package hyperref Info: Link coloring OFF on input line 6389.
Package hyperref Info: Link coloring with OCG OFF on input line 6394.
Package hyperref Info: PDF/A mode OFF on input line 6399.
LaTeX Info: Redefining \ref on input line 6439.
LaTeX Info: Redefining \pageref on input line 6443.
\Hy@abspage=\count105
\c@Item=\count106
\c@Hfootnote=\count107
)
Package hyperref Info: Driver (autodetected): hpdftex.

("C:\Users\HyperTushar\AppData\Local\Programs\MiKTeX 2.9\tex\latex\hyperref\hpd
ftex.def"
File: hpdftex.def 2018/02/06 v6.86b Hyperref driver for pdfTeX
\Fld@listcount=\count108
\c@bookmark@seq@number=\count109

("C:\Users\HyperTushar\AppData\Local\Programs\MiKTeX 2.9\tex\latex\oberdiek\rer
unfilecheck.sty"
Package: rerunfilecheck 2016/05/16 v1.8 Rerun checks for auxiliary files (HO)
Package uniquecounter Info: New unique counter `rerunfilecheck' on input line 2
82.
)
\Hy@SectionHShift=\skip46
) (document.aux

LaTeX Warning: Label `W3Schools' multiply defined.

)
\openout1 = `document.aux'.

LaTeX Font Info:    Checking defaults for OML/cmm/m/it on input line 10.
LaTeX Font Info:    ... okay on input line 10.
LaTeX Font Info:    Checking defaults for T1/cmr/m/n on input line 10.
LaTeX Font Info:    ... okay on input line 10.
LaTeX Font Info:    Checking defaults for OT1/cmr/m/n on input line 10.
LaTeX Font Info:    ... okay on input line 10.
LaTeX Font Info:    Checking defaults for OMS/cmsy/m/n on input line 10.
LaTeX Font Info:    ... okay on input line 10.
LaTeX Font Info:    Checking defaults for OMX/cmex/m/n on input line 10.
LaTeX Font Info:    ... okay on input line 10.
LaTeX Font Info:    Checking defaults for U/cmr/m/n on input line 10.
LaTeX Font Info:    ... okay on input line 10.
LaTeX Font Info:    Checking defaults for PD1/pdf/m/n on input line 10.
LaTeX Font Info:    ... okay on input line 10.

("C:\Users\HyperTushar\AppData\Local\Programs\MiKTeX 2.9\tex\context\base\supp-
pdf.mkii"
[Loading MPS to PDF converter (version 2006.09.02).]
\scratchcounter=\count110
\scratchdimen=\dimen118
\scratchbox=\box28
\nofMPsegments=\count111
\nofMParguments=\count112
\everyMPshowfont=\toks22
\MPscratchCnt=\count113
\MPscratchDim=\dimen119
\MPnumerator=\count114
\makeMPintoPDFobject=\count115
\everyMPtoPDFconversion=\toks23
)
("C:\Users\HyperTushar\AppData\Local\Programs\MiKTeX 2.9\tex\latex\oberdiek\eps
topdf-base.sty"
Package: epstopdf-base 2016/05/15 v2.6 Base part for package epstopdf

("C:\Users\HyperTushar\AppData\Local\Programs\MiKTeX 2.9\tex\latex\oberdiek\grf
ext.sty"
Package: grfext 2016/05/16 v1.2 Manage graphics extensions (HO)
)
Package epstopdf-base Info: Redefining graphics rule for `.eps' on input line 4
38.
Package grfext Info: Graphics extension search list:
(grfext)             [.pdf,.png,.jpg,.mps,.jpeg,.jbig2,.jb2,.PDF,.PNG,.JPG,.JPE
G,.JBIG2,.JB2,.eps]
(grfext)             \AppendGraphicsExtensions on input line 456.
)
\AtBeginShipoutBox=\box29
Package hyperref Info: Link coloring OFF on input line 10.

("C:\Users\HyperTushar\AppData\Local\Programs\MiKTeX 2.9\tex\latex\hyperref\nam
eref.sty"
Package: nameref 2016/05/21 v2.44 Cross-referencing by name of section

("C:\Users\HyperTushar\AppData\Local\Programs\MiKTeX 2.9\tex\generic\oberdiek\g
ettitlestring.sty"
Package: gettitlestring 2016/05/16 v1.5 Cleanup title references (HO)
)
\c@section@level=\count116
)
LaTeX Info: Redefining \ref on input line 10.
LaTeX Info: Redefining \pageref on input line 10.
LaTeX Info: Redefining \nameref on input line 10.
 (document.out) (document.out)
\@outlinefile=\write3
\openout3 = `document.out'.

 [1

]
<iit.jpg, id=148, 528.47438pt x 358.33875pt>
File: iit.jpg Graphic file (type jpg)
<use iit.jpg>
Package pdftex.def Info: iit.jpg  used on input line 41.
(pdftex.def)             Requested size: 99.5806pt x 71.13063pt.
 [2{C:/Users/HyperTushar/AppData/Local/MiKTeX/2.9/pdftex/config/pdftex.map} <./
iit.jpg>]
Underfull \hbox (badness 10000) in paragraph at lines 63--64

 []


Underfull \hbox (badness 10000) in paragraph at lines 65--66

 []


Underfull \hbox (badness 10000) in paragraph at lines 67--68

 []

[1]
Underfull \hbox (badness 10000) in paragraph at lines 82--86

 []

pdfTeX warning (ext4): destination with the same identifier (name{page.i}) has 
been already used, duplicate ignored
<to be read again> 
                   \relax 
l.87 \newpage
              [1] [2]
Underfull \hbox (badness 10000) in paragraph at lines 103--104

 []


Underfull \hbox (badness 10000) in paragraph at lines 105--106

 []


Underfull \hbox (badness 10000) in paragraph at lines 107--108

 []


Underfull \hbox (badness 10000) in paragraph at lines 110--112

 []

[3] [4] (document.toc
LaTeX Font Info:    Try loading font information for U+msa on input line 2.

("C:\Users\HyperTushar\AppData\Local\Programs\MiKTeX 2.9\tex\latex\amsfonts\ums
a.fd"
File: umsa.fd 2013/01/14 v3.01 AMS symbols A
)
LaTeX Font Info:    Try loading font information for U+msb on input line 2.

("C:\Users\HyperTushar\AppData\Local\Programs\MiKTeX 2.9\tex\latex\amsfonts\ums
b.fd"
File: umsb.fd 2013/01/14 v3.01 AMS symbols B
) [5

])
\tf@toc=\write4
\openout4 = `document.toc'.


Overfull \hbox (1.0452pt too wide) in paragraph at lines 127--128
[]\OT1/cmr/bx/n/12 Bibliography   30 
 []


Underfull \hbox (badness 10000) in paragraph at lines 127--128

 []

[6] (document.lof)
\tf@lof=\write5
\openout5 = `document.lof'.

 [7

]
Chapter 1.

Underfull \hbox (badness 10000) in paragraph at lines 138--139

 []


Underfull \hbox (badness 10000) in paragraph at lines 140--141

 []

LaTeX Font Info:    Try loading font information for OMS+cmr on input line 146.


("C:\Users\HyperTushar\AppData\Local\Programs\MiKTeX 2.9\tex\latex\base\omscmr.
fd"
File: omscmr.fd 2014/09/29 v2.5h Standard LaTeX font definitions
)
LaTeX Font Info:    Font shape `OMS/cmr/m/n' in size <12> not available
(Font)              Font shape `OMS/cmsy/m/n' tried instead on input line 146.
pdfTeX warning (ext4): destination with the same identifier (name{page.1}) has 
been already used, duplicate ignored
<to be read again> 
                   \relax 
l.155 
       [1

]
Underfull \hbox (badness 10000) in paragraph at lines 164--166

 []


Underfull \hbox (badness 10000) in paragraph at lines 168--169

 []


Underfull \hbox (badness 10000) in paragraph at lines 170--171

 []


Underfull \hbox (badness 10000) in paragraph at lines 173--174

 []

pdfTeX warning (ext4): destination with the same identifier (name{page.2}) has 
been already used, duplicate ignored
<to be read again> 
                   \relax 
l.174 
       [2]
Underfull \hbox (badness 10000) in paragraph at lines 176--177

 []


Underfull \hbox (badness 10000) in paragraph at lines 178--180

 []

[3]
Chapter 2.

Underfull \hbox (badness 10000) in paragraph at lines 202--203

 []

[4

]
Underfull \hbox (badness 10000) in paragraph at lines 209--210

 []


Underfull \hbox (badness 10000) in paragraph at lines 211--212

 []

[5]
Chapter 3.

Underfull \hbox (badness 10000) in paragraph at lines 216--217

 []


Underfull \hbox (badness 10000) in paragraph at lines 229--230

 []

[6

]
Underfull \hbox (badness 10000) in paragraph at lines 231--232

 []


Underfull \hbox (badness 10000) in paragraph at lines 233--234

 []


Underfull \hbox (badness 10000) in paragraph at lines 235--236

 []


Underfull \hbox (badness 10000) in paragraph at lines 246--247

 []

<tools.png, id=264, 108.405pt x 173.64874pt>
File: tools.png Graphic file (type png)
<use tools.png>
Package pdftex.def Info: tools.png  used on input line 250.
(pdftex.def)             Requested size: 113.81702pt x 142.26836pt.

LaTeX Warning: `h' float specifier changed to `ht'.

<clr.png, id=266, 98.3675pt x 146.5475pt>
File: clr.png Graphic file (type png)
<use clr.png>
Package pdftex.def Info: clr.png  used on input line 257.
(pdftex.def)             Requested size: 113.81065pt x 142.26268pt.

LaTeX Warning: `h' float specifier changed to `ht'.


Underfull \hbox (badness 10000) in paragraph at lines 263--264

 []


Underfull \hbox (badness 10000) in paragraph at lines 265--266

 []

[7]
Overfull \hbox (2.04562pt too wide) in paragraph at lines 274--275
[]\OT1/cmr/bx/n/12 Mockups/Visual: \OT1/cmr/m/n/12 The fi-nal wire-frame can be
 con-verted to fi-nal Mock-
 []

[8 <./tools.png> <./clr.png>]
Underfull \hbox (badness 10000) in paragraph at lines 279--280

 []


Underfull \hbox (badness 10000) in paragraph at lines 281--282

 []

<ucd.jpg, id=277, 362.35374pt x 532.99126pt>
File: ucd.jpg Graphic file (type jpg)
<use ucd.jpg>
Package pdftex.def Info: ucd.jpg  used on input line 285.
(pdftex.def)             Requested size: 184.94725pt x 256.07687pt.

Underfull \hbox (badness 10000) in paragraph at lines 291--292

 []

[9 <./ucd.jpg>]
Underfull \hbox (badness 10000) in paragraph at lines 303--304

 []

<rps.png, id=283, 999.735pt x 586.19pt>
File: rps.png Graphic file (type png)
<use rps.png>
Package pdftex.def Info: rps.png  used on input line 309.
(pdftex.def)             Requested size: 284.5308pt x 199.16779pt.

LaTeX Warning: `h' float specifier changed to `ht'.

<pot.jpg, id=284, 851.18pt x 649.42625pt>
File: pot.jpg Graphic file (type jpg)
<use pot.jpg>
Package pdftex.def Info: pot.jpg  used on input line 316.
(pdftex.def)             Requested size: 199.17012pt x 156.48978pt.

LaTeX Warning: `h' float specifier changed to `ht'.

<ls2.png, id=285, 880.28876pt x 443.6575pt>
File: ls2.png Graphic file (type png)
<use ls2.png>
Package pdftex.def Info: ls2.png  used on input line 323.
(pdftex.def)             Requested size: 398.32915pt x 199.16338pt.

Overfull \hbox (8.32915pt too wide) in paragraph at lines 323--324
 [] 
 []


LaTeX Warning: `h' float specifier changed to `ht'.

<ls1.png, id=286, 642.4pt x 497.86pt>
File: ls1.png Graphic file (type png)
<use ls1.png>
Package pdftex.def Info: ls1.png  used on input line 330.
(pdftex.def)             Requested size: 369.89665pt x 284.53522pt.

LaTeX Warning: `h' float specifier changed to `ht'.

[10] [11 <./rps.png> <./pot.jpg>] [12 <./ls2.png> <./ls1.png>]
Chapter 4.

Underfull \hbox (badness 10000) in paragraph at lines 339--340

 []


Underfull \hbox (badness 10000) in paragraph at lines 341--342

 []

[13

]
Underfull \hbox (badness 10000) in paragraph at lines 343--345

 []


Underfull \hbox (badness 10000) in paragraph at lines 350--351

 []


Underfull \hbox (badness 10000) in paragraph at lines 352--353

 []


Underfull \hbox (badness 10000) in paragraph at lines 354--355

 []


Underfull \hbox (badness 10000) in paragraph at lines 356--357

 []

[14]
Underfull \hbox (badness 10000) in paragraph at lines 362--364

 []


Underfull \hbox (badness 10000) in paragraph at lines 365--366

 []


Underfull \hbox (badness 10000) in paragraph at lines 367--368

 []


Underfull \hbox (badness 10000) in paragraph at lines 369--372

 []

[15]
Underfull \hbox (badness 10000) in paragraph at lines 379--380

 []


Underfull \hbox (badness 10000) in paragraph at lines 381--382

 []


Underfull \hbox (badness 10000) in paragraph at lines 383--384

 []

[16]
Underfull \hbox (badness 10000) in paragraph at lines 389--390

 []


Overfull \hbox (17.66347pt too wide) in paragraph at lines 391--392
[]\OT1/cmr/m/n/12 JSON is a language-independent data for-mat. It was de-rived 
from JavaScript,
 []


Underfull \hbox (badness 10000) in paragraph at lines 391--392

 []


Underfull \hbox (badness 10000) in paragraph at lines 393--394

 []


Overfull \hbox (7.20998pt too wide) in paragraph at lines 395--396
[]\OT1/cmr/m/n/12 A re-stricted pro-file of JSON, known as I-JSON (short for ``
In-ter-net JSON"),
 []

[17]
Chapter 5.

Underfull \hbox (badness 10000) in paragraph at lines 398--400

 []


Underfull \hbox (badness 10000) in paragraph at lines 401--402

 []


Underfull \hbox (badness 10000) in paragraph at lines 403--404

 []


Underfull \hbox (badness 10000) in paragraph at lines 405--406

 []


Underfull \hbox (badness 10000) in paragraph at lines 407--408

 []

[18

]
Underfull \hbox (badness 10000) in paragraph at lines 409--410

 []

[19]
Chapter 6.

Underfull \hbox (badness 10000) in paragraph at lines 413--414

 []


Underfull \hbox (badness 10000) in paragraph at lines 415--416

 []


Underfull \hbox (badness 10000) in paragraph at lines 417--418

 []

[20

]
Underfull \hbox (badness 10000) in paragraph at lines 447--448

 []

[21] [22]
Chapter 7.

Underfull \hbox (badness 10000) in paragraph at lines 459--460

 []


Underfull \hbox (badness 10000) in paragraph at lines 471--472

 []


Underfull \hbox (badness 10000) in paragraph at lines 473--474

 []

[23

]
Underfull \hbox (badness 10000) in paragraph at lines 483--484

 []


Underfull \hbox (badness 10000) in paragraph at lines 492--494

 []

[24] [25]
Chapter 8.

Underfull \hbox (badness 10000) in paragraph at lines 498--499

 []


Underfull \hbox (badness 10000) in paragraph at lines 508--509

 []

[26

] [27]
Overfull \hbox (71.22389pt too wide) in paragraph at lines 524--525
[]\OT1/cmr/m/n/12 Cascading Style Sheets. \OT1/cmr/m/it/12 https://en.wikipedia
.org/wiki/Cascading[]Style[]Sheets
 []


Overfull \hbox (56.1417pt too wide) in paragraph at lines 544--545
[]\OT1/cmr/m/n/12 W3Schools jquery Tu-to-rial \OT1/cmr/m/it/12 https://www.w3sc
hools.com/jquery/default.asp 
 []

Package atveryend Info: Empty hook `BeforeClearDocument' on input line 549.
[28

pdfTeX warning (ext4): destination with the same identifier (name{cite.W3School
s}) has been already used, duplicate ignored

\AtBegShi@Output ...ipout \box \AtBeginShipoutBox 
                                                  \fi \fi 
l.549 \end{document}
                    ]
Package atveryend Info: Empty hook `AfterLastShipout' on input line 549.
 (document.aux)
Package atveryend Info: Executing hook `AtVeryEndDocument' on input line 549.
Package atveryend Info: Executing hook `AtEndAfterFileList' on input line 549.
Package rerunfilecheck Info: File `document.out' has not changed.
(rerunfilecheck)             Checksum: B1571904599F254FC8C52A51C5F181C8;2193.


LaTeX Warning: There were multiply-defined labels.

Package atveryend Info: Empty hook `AtVeryVeryEnd' on input line 549.
 ) 
Here is how much of TeX's memory you used:
 6148 strings out of 493305
 90076 string characters out of 3127192
 171647 words of memory out of 3000000
 9541 multiletter control sequences out of 15000+200000
 11721 words of font info for 43 fonts, out of 3000000 for 9000
 1141 hyphenation exceptions out of 8191
 28i,5n,28p,855b,390s stack positions out of 5000i,500n,10000p,200000b,50000s
<C:/Users/HyperTushar/AppData/Local/Programs/MiKTeX 2.9/fonts/type1/public/am
sfonts/cm/cmbx12.pfb><C:/Users/HyperTushar/AppData/Local/Programs/MiKTeX 2.9/fo
nts/type1/public/amsfonts/cm/cmbxti10.pfb><C:/Users/HyperTushar/AppData/Local/P
rograms/MiKTeX 2.9/fonts/type1/public/amsfonts/cm/cmr12.pfb><C:/Users/HyperTush
ar/AppData/Local/Programs/MiKTeX 2.9/fonts/type1/public/amsfonts/cm/cmsy10.pfb>
<C:/Users/HyperTushar/AppData/Local/Programs/MiKTeX 2.9/fonts/type1/public/amsf
onts/cm/cmti12.pfb>
Output written on document.pdf (38 pages, 794426 bytes).
PDF statistics:
 421 PDF objects out of 1000 (max. 8388607)
 91 named destinations out of 1000 (max. 500000)
 321 words of extra memory for PDF output out of 10000 (max. 10000000)

