\BOOKMARK [0][-]{chapter.1}{Introduction}{}% 1
\BOOKMARK [1][-]{section.1.1}{Motivation}{chapter.1}% 2
\BOOKMARK [1][-]{section.1.2}{Objectives}{chapter.1}% 3
\BOOKMARK [1][-]{section.1.3}{Feasibility study}{chapter.1}% 4
\BOOKMARK [2][-]{subsection.1.3.1}{Economic feasibility}{section.1.3}% 5
\BOOKMARK [2][-]{subsection.1.3.2}{Technical feasibility}{section.1.3}% 6
\BOOKMARK [2][-]{subsection.1.3.3}{Legal feasibility}{section.1.3}% 7
\BOOKMARK [0][-]{chapter.2}{Background}{}% 8
\BOOKMARK [1][-]{section.2.1}{Existing Systems}{chapter.2}% 9
\BOOKMARK [1][-]{section.2.2}{Proposed System}{chapter.2}% 10
\BOOKMARK [0][-]{chapter.3}{Online Graphic Designer and Photo Editor}{}% 11
\BOOKMARK [1][-]{section.3.1}{Introduction}{chapter.3}% 12
\BOOKMARK [1][-]{section.3.2}{Application requirements}{chapter.3}% 13
\BOOKMARK [1][-]{section.3.3}{System Design}{chapter.3}% 14
\BOOKMARK [1][-]{section.3.4}{User Interface Design}{chapter.3}% 15
\BOOKMARK [1][-]{section.3.5}{Use Case Diagrams}{chapter.3}% 16
\BOOKMARK [1][-]{section.3.6}{Responsive web design}{chapter.3}% 17
\BOOKMARK [0][-]{chapter.4}{Overview of Technologies Used}{}% 18
\BOOKMARK [1][-]{section.4.1}{About HTML}{chapter.4}% 19
\BOOKMARK [1][-]{section.4.2}{About CSS}{chapter.4}% 20
\BOOKMARK [1][-]{section.4.3}{About JavaScript}{chapter.4}% 21
\BOOKMARK [1][-]{section.4.4}{jQuery and JSON Introduction}{chapter.4}% 22
\BOOKMARK [2][-]{subsection.4.4.1}{jQuery}{section.4.4}% 23
\BOOKMARK [2][-]{subsection.4.4.2}{JSON}{section.4.4}% 24
\BOOKMARK [0][-]{chapter.5}{Implementation}{}% 25
\BOOKMARK [0][-]{chapter.6}{Testing}{}% 26
\BOOKMARK [1][-]{section.6.1}{Testing Objectives}{chapter.6}% 27
\BOOKMARK [1][-]{section.6.2}{Testing Principles}{chapter.6}% 28
\BOOKMARK [1][-]{section.6.3}{Test Cases}{chapter.6}% 29
\BOOKMARK [0][-]{chapter.7}{Operation and Maintenance}{}% 30
\BOOKMARK [1][-]{section.7.1}{Correction}{chapter.7}% 31
\BOOKMARK [1][-]{section.7.2}{Adaptation}{chapter.7}% 32
\BOOKMARK [1][-]{section.7.3}{Enhancement}{chapter.7}% 33
\BOOKMARK [1][-]{section.7.4}{Prevention}{chapter.7}% 34
\BOOKMARK [0][-]{chapter.8}{Conclusion and Scope for Further Development}{}% 35
